<?xml version="1.0" encoding="UTF-8"?>
<testng-results ignored="0" total="1" passed="1" failed="0" skipped="0">
  <reporter-output>
  </reporter-output>
  <suite started-at="2023-05-11T12:03:24Z" name="Default suite" finished-at="2023-05-11T12:03:24Z" duration-ms="365">
    <groups>
    </groups>
    <test started-at="2023-05-11T12:03:24Z" name="Default test" finished-at="2023-05-11T12:03:24Z" duration-ms="365">
      <class name="Practice.DatabaseRead">
        <test-method signature="readDatadromTable()[pri:0, instance:Practice.DatabaseRead@67545b57]" started-at="2023-05-11T12:03:24Z" name="readDatadromTable" finished-at="2023-05-11T12:03:24Z" duration-ms="339" status="PASS">
          <reporter-output>
          </reporter-output>
        </test-method> <!-- readDatadromTable -->
      </class> <!-- Practice.DatabaseRead -->
    </test> <!-- Default test -->
  </suite> <!-- Default suite -->
</testng-results>
